        -:    0:Source:main.cpp
        -:    0:Graph:main.gcno
        -:    0:Data:main.gcda
        -:    0:Runs:1
        -:    0:Programs:1
        -:    1:#include <iostream>
        -:    2:
        1:    3:int main(int argc, char* argv[])
        -:    4:{
        1:    5:  if (argc == 1)
        -:    6:  {
        1:    7:    std::cout << argv[1] << '\n';
        -:    8:  }
        -:    9:  else
        -:   10:  {
        -:   11:    std::cout << "Too much commands" << '\n';
        -:   12:  }
        -:   13:
        3:   14:}
